1.90909099579  0.909090936184
1.82644629478  0.826446294785
1.75131487846  0.751314818859
1.68301343918  0.683013498783
1.62092137337  0.620921373367
1.56447398663  0.564473986626
1.51315808296  0.513158142567
1.46650743484  0.466507405043
1.4240976572  0.424097627401
1.38554334641  0.3855432868
1.35049390793  0.350493907928
1.31863081455  0.318630814552
1.2896643877  0.289664387703
1.26333129406  0.263331264257
1.23939204216  0.239392057061
1.21762919426  0.217629149556
1.19784474373  0.197844684124
1.17985880375  0.179858803749
1.16350793839  0.16350799799
1.14864361286  0.148643627763
1.13513052464  0.135130569339
1.12284600735  0.122845970094
1.11167812347  0.111678153276
1.10152554512  0.101525597274
1.0922960043  0.0922959968448
1.08390545845  0.0839054509997
1.07627773285  0.0762776806951
1.06934332848  0.0693433433771
1.06303942204  0.0630393996835
1.05730855465  0.0573085434735
1.05209863186  0.0520986765623
1.04736244678  0.0473624318838
1.04305672646  0.043056756258
1.03914248943  0.0391425043344
1.03558409214  0.0355840958655
1.03234922886  0.0323491767049
1.02940833569  0.0294083431363
1.02673482895  0.0267348568887
1.02430438995  0.0243044160306
1.02209496498  0.0220949240029
1.02008628845  0.0200862940401
1.01826024055  0.0182602666318
1.0166002512  0.0166002418846
1.0150911808  0.0150911286473
1.01371920109  0.0137192076072
1.0124720335  0.0124720064923
1.01133823395  0.0113381873816
1.01030743122  0.0103074433282
1.00937044621  0.0093704033643
1.00851857662  0.00851854868233
1.00774419308  0.00774413533509
1.00704014301  0.00704012298957
1.00640010834  0.00640011159703
1.0058182478  0.00581828318536
1.00528931618  0.005289348308
1.00480854511  0.00480849854648
1.00437140465  0.00437136227265
1.00397396088  0.00397396553308
1.00361263752  0.00361269596033
1.00328421593  0.00328426901251
1.00298571587  0.00298569910228
1.00271427631  0.00271427189
1.00246751308  0.0024675198365
1.0022431612  0.00224319985136
1.00203931332  0.00203927257098
1.00185394287  0.00185388419777
1.00168538094  0.0016853492707
1.00153207779  0.00153213564772
1.00139284134  0.00139285053592
1.00126624107  0.00126622780226
1.0011510849  0.00115111621562
1.00104641914  0.00104646931868
1.00095129013  0.000951335765421
1.0008648634  0.000864850706421
1.00078618526  0.000786227930803
1.0007147789  0.000714752648491
1.00064980984  0.000649775145575
1.00059068203  0.000590704672504
1.00053703785  0.000537004263606
1.00048816204  0.000488185702125
1.00044381618  0.00044380518375
1.00040340424  0.000403459271183
1.00036680698  0.00036678116885
1.00033342838  0.000333437434165
1.00030314922  0.000303124950733
1.00027561188  0.000275568134384
1.00025045872  0.00025051648845
1.00022768974  0.000227742260904
1.00020706654  0.000207038421649
1.00018823147  0.000188216741662
1.00017106533  0.000171106134076
1.00015556812  0.000155551024363
1.00014138222  0.000141410026117
1.00012850761  0.000128554573166
1.0001168251  0.000116867791803
1.00010621548  0.000106243445771
1.00009655952  9.6584954008e-05
1.00008785725  8.78045029822e-05
1.00007987022  7.98222754383e-05
1.00007259846  7.25657082512e-05
1.00006592274  6.59688230371e-05
1.00005996227  5.99716586294e-05
1.00005447865  5.45196890016e-05
1.00004959106  4.95633539686e-05
1.00004506111  4.50575935247e-05
1.000041008  4.09614476666e-05
1.0000371933  3.72376780433e-05
1.00003385544  3.38524332619e-05
1.000030756  3.07749396598e-05
1.00002801418  2.79772175418e-05
1.00002539158  2.54338337982e-05
1.0000231266  2.31216672546e-05
1.00002098083  2.10196976695e-05
1.00001907349  1.91088165593e-05
1.00001740456  1.73716507561e-05
1.00001573563  1.57924096129e-05
1.00001430511  1.43567358464e-05
1.00001299381  1.30515782075e-05
1.00001192093  1.18650714285e-05
1.00001072884  1.07864289021e-05
1.00000977516  9.80584445642e-06
1.0000089407  8.91440413398e-06
1.00000810623  8.10400342743e-06
1.00000739098  7.36727588446e-06
1.00000667572  6.69752353133e-06
1.00000607967  6.08865775575e-06
1.00000548363  5.53514337298e-06
1.00000500679  5.03194860357e-06
1.00000452995  4.57449868918e-06
1.00000417233  4.15863496528e-06
1.0000038147  3.78057734451e-06
1.00000345707  3.43688839166e-06
1.00000309944  3.12444399242e-06
1.00000286102  2.84040356746e-06
1.0000026226  2.58218506133e-06
1.00000238419  2.3474410682e-06
1.00000214577  2.13403723137e-06
1.00000190735  1.94003382603e-06
1.00000178814  1.76366711457e-06
1.00000154972  1.60333377153e-06
1.00000143051  1.45757610426e-06
1.0000013113  1.32506920636e-06
1.00000119209  1.20460833841e-06
1.00000107288  1.0950984688e-06
1.00000095367  9.95544041871e-07
1.00000095367  9.05040053567e-07
1.00000083447  8.22763695396e-07
1.00000071526  7.47967021653e-07
1.00000071526  6.79970014517e-07
1.00000059605  6.18154558651e-07
1.00000059605  5.61958700018e-07
1.00000047684  5.10871529968e-07
1.00000047684  4.64428666191e-07
1.00000047684  4.22207875772e-07
1.00000035763  3.83825351946e-07
1.00000035763  3.48932132965e-07
1.00000035763  3.17211032552e-07
1.00000023842  2.88373655621e-07
1.00000023842  2.62157868747e-07
1.00000023842  2.38325341684e-07
1.00000023842  2.16659401531e-07
1.00000023842  1.96963085841e-07
1.00000023842  1.79057352057e-07
1.00000011921  1.62779414836e-07
1.00000011921  1.47981282339e-07
1.00000011921  1.34528434614e-07
1.00000011921  1.22298573046e-07
1.00000011921  1.11180519013e-07
1.00000011921  1.01073197811e-07
1.00000011921  9.18847220532e-08
1.00000011921  8.35315674408e-08
1.00000011921  7.59377911663e-08
1.00000011921  6.90343568976e-08
1.00000011921  6.27585095003e-08
1  5.705318884e-08
1  5.1866535955e-08
1  4.71513956768e-08
1  4.28649045148e-08
1  3.89680963053e-08
1  3.54255433876e-08
1  3.22050404122e-08
1  2.92773094657e-08
1  2.66157353934e-08
1  2.4196122439e-08
1  2.1996475752e-08
1  1.99967953307e-08
1  1.81789054921e-08
1  1.65262772356e-08
1  1.50238879115e-08
1  1.36580800003e-08
1  1.24164367676e-08
1  1.12876694658e-08
1  1.02615178577e-08
1  9.32865251713e-09
1  8.48059311664e-09
1  7.70963026753e-09
1  7.00875490978e-09
1  6.37159525141e-09
1  5.79235948095e-09
1  5.26578114446e-09
1  4.78707384843e-09
1  4.35188551862e-09
1  3.95625976424e-09
1  3.59659968474e-09
1  3.26963611741e-09
1  2.97239655112e-09
1  2.70217870302e-09
1  2.45652609365e-09
1  2.23320562043e-09
1  2.03018690748e-09
1  1.84562443106e-09
1  1.67784042215e-09
1  1.52530943431e-09
1  1.38664491001e-09
1  1.26058630201e-09
1  1.1459875271e-09
1  1.041806863e-09
1  9.47097178461e-10
1  8.60997440011e-10
1  7.82724940418e-10
1  7.11568137746e-10
1  6.46880105037e-10
1  5.88072812668e-10
1  5.34611632741e-10
1  4.86010565126e-10
1  4.41827796571e-10
1  4.0166162063e-10
1  3.65146940462e-10
1  3.31951771626e-10
1  3.01774327749e-10
1  2.74340300477e-10
1  2.49400278207e-10
1  2.26727525643e-10
1  2.06115929879e-10
1  1.87378113026e-10
1  1.70343739114e-10
1  1.54857945911e-10
1  1.40779957136e-10
1  1.27981777953e-10
1  1.16347070866e-10
1  1.05770066317e-10
1  9.61546051115e-11
1  8.74132780049e-11
1  7.94666138448e-11
1  7.22423787458e-11
1  6.56748891381e-11
1  5.97044427786e-11
1  5.42767671086e-11
1  4.9342516184e-11
1  4.48568335254e-11
1  4.07789392531e-11
1  3.70717623266e-11
1  3.37016005381e-11
1  3.0637818671e-11
1  2.78525622704e-11
1  2.53205113127e-11
1  2.30186460171e-11
1  2.09260421491e-11
1  1.90236749964e-11
1  1.72942493659e-11
1  1.57220451935e-11
1  1.42927683577e-11
1  1.29934257798e-11
1  1.18122048601e-11
1  1.07383676604e-11
1  9.76215202425e-12
1  8.87468397381e-12
1  8.0678944428e-12
1  7.33444988771e-12
1  6.66768159782e-12
1  6.06152888299e-12
1  5.51048096042e-12
1  5.00952794871e-12
1  4.55411619874e-12
1  4.14010579292e-12
1  3.76373238131e-12
1  3.42157487239e-12
1  3.11052269011e-12
1  2.82774780154e-12
1  2.57067978016e-12
1  2.33698151976e-12
1  2.12452863461e-12
1  1.93138972697e-12
1  1.75580882299e-12
1  1.59618986865e-12
1  1.45108165935e-12
1  1.31916515472e-12
1  1.19924101032e-12
1  1.09021906086e-12
1  9.91108237147e-13
1  9.01007512957e-13
1  8.19097719339e-13
1  7.44634280452e-13
1  6.76940274669e-13
1  6.15400254627e-13
1  5.59454772005e-13
1  5.08595227565e-13
1  4.62359317499e-13
1  4.20326642415e-13
1  3.82115129469e-13
1  3.47377400282e-13
1  3.15797626764e-13
1  2.87088739283e-13
1  2.60989770377e-13
1  2.37263415295e-13
1  2.15694012672e-13
1  1.96085470994e-13
1  1.78259520318e-13
1  1.62054113076e-13
1  1.47321919746e-13
1  1.33929014255e-13
1  1.21753654251e-13
1  1.10685142692e-13
1  1.00622858841e-13
1  9.14753231387e-14
1  8.31593840555e-14
1  7.55994388184e-14
1  6.87267625622e-14
1  6.24788781367e-14
1  5.67989801243e-14
1  5.16354367846e-14
1  4.69413055518e-14
1  4.2673912906e-14
1  3.87944647381e-14
1  3.52676939844e-14
1  3.20615387538e-14
1  2.91468543365e-14
1  2.649714046e-14
1  2.4088309201e-14
1  2.1898463064e-14
1  1.99076933866e-14
1  1.80979024627e-14
1  1.64526392185e-14
1  1.49569450521e-14
1  1.35972225436e-14
1  1.23611117883e-14
1  1.1237374353e-14
1  1.02157950204e-14
1  9.28708607413e-15
1  8.44280513692e-15
1  7.6752772432e-15
1  6.97752495905e-15
1  6.34320443122e-15
1  5.76654948293e-15
1  5.24231782726e-15
1  4.76574363333e-15
1  4.33249432763e-15
1  3.93863120693e-15
1  3.58057386299e-15
1  3.25506714817e-15
1  2.95915195288e-15
1  2.69013810048e-15
1  2.44557999509e-15
1  2.22325459875e-15
1  2.02114046731e-15
1  1.83740038633e-15
1  1.67036400682e-15
1  1.5185127046e-15
1  1.38046613359e-15
1  1.25496920273e-15
1  1.14088106451e-15
1  1.03716463298e-15
1  9.42876948698e-16
1  8.57160867265e-16
1  7.7923717131e-16
1  7.08397423651e-16
1  6.4399766749e-16
1  5.85452444241e-16
1  5.32229499578e-16
1  4.83845018867e-16
1  4.39859100842e-16
1  3.99871919481e-16
1  3.63519938833e-16
1  3.30472683698e-16
1  3.00429722078e-16
1  2.73117938787e-16
1  2.48289047293e-16
1  2.25717313315e-16
1  2.05197556356e-16
1  1.86543230644e-16
1  1.69584757537e-16
1  1.54167963804e-16
1  1.40152691961e-16
1  1.27411542959e-16
1  1.15828671808e-16
1  1.05298794959e-16
1  9.57261778369e-17
1  8.70238010414e-17
1  7.91125464013e-17
1  7.19204955253e-17
1  6.53822680578e-17
1  5.94384261086e-17
1  5.40349316229e-17
1  4.91226666157e-17
1  4.46569699514e-17
1  4.05972469143e-17
1  3.69065887055e-17
1  3.35514448793e-17
1  3.05013123235e-17
1  2.77284655982e-17
1  2.52076955472e-17
1  2.29160876131e-17
1  2.08328067706e-17
1  1.89389155468e-17
1  1.721719535e-17
1  1.56519959232e-17
1  1.42290864509e-17
1  1.29355331372e-17
1  1.17595759552e-17
1  1.06905235957e-17
1  9.71865751345e-18
1  8.83514341964e-18
1  8.03194856331e-18
1  7.30177142119e-18
1  6.63797386887e-18
1  6.03452162377e-18
1  5.48592882408e-18
1  4.98720798429e-18
1  4.53382532747e-18
1  4.12165942621e-18
1  3.74696315233e-18
1  3.40633017608e-18
1  3.09666374004e-18
1  2.81514894858e-18
1  2.55922629809e-18
1  2.3265693431e-18
1  2.11506298279e-18
1  1.92278443581e-18
1  1.74798586953e-18
1  1.58907806321e-18
1  1.4446164493e-18
1  1.31328767178e-18
1  1.19389790224e-18
1  1.08536177631e-18
1  9.86692570914e-19
1  8.96993208686e-19
1  8.15448348034e-19
1  7.41316680031e-19
1  6.73924259273e-19
1  6.12658403421e-19
1  5.56962161429e-19
1  5.06329247063e-19
1  4.60299334311e-19
1  4.18453947333e-19
1  3.80412686443e-19
1  3.45829712598e-19
1  3.14390645467e-19
1  2.85809668297e-19
1  2.59826968829e-19
1  2.36206335299e-19
1  2.1473303679e-19
1  1.95211845753e-19
1  1.7746531902e-19
1  1.61332104676e-19
1  1.4666554618e-19
1  1.33332312359e-19
1  1.21211195404e-19
1  1.10191999347e-19
1  1.0017454486e-19
1  9.10677709924e-20
1  8.27888821329e-20
1  7.52626177709e-20
1  6.84205610224e-20
1  6.22005117828e-20
1  5.65459180401e-20
1  5.14053815052e-20
1  4.67321664734e-20
1  4.24837862344e-20
1  3.86216250244e-20
1  3.51105696727e-20
1  3.19186994087e-20
1  2.90169982875e-20
1  2.63790886179e-20
1  2.39809902402e-20
1  2.18009008058e-20
1  1.98190002919e-20
1  1.80172732864e-20
1  1.63793393513e-20
1  1.48903092355e-20
1  1.35366451267e-20
1  1.23060410978e-20
1  1.11873100154e-20
1  1.01702817588e-20
1  9.24571032262e-21
1  8.40519142269e-21
1  7.64108333184e-21
1  6.9464390254e-21
1  6.31494438496e-21
1  5.74085842163e-21
1  5.21896238507e-21
1  4.74451129587e-21
1  4.31319194028e-21
1  3.92108369223e-21
1  3.5646213548e-21
1  3.240564868e-21
1  2.94596800674e-21
1  2.6781527334e-21
1  2.43468435817e-21
1  2.21334932472e-21
1  2.01213582318e-21
1  1.82921440307e-21
1  1.66292222133e-21
1  1.51174749229e-21
1  1.37431585619e-21
1  1.24937806026e-21
1  1.13579824578e-21
1  1.03254385062e-21
1  9.38676218657e-22
1  8.53342016961e-22
1  7.75765460785e-22
1  7.05241346345e-22
1  6.41128487498e-22
1  5.82844061185e-22
1  5.29858255799e-22
1  4.81689323454e-22
1  4.37899389548e-22
1  3.98090363314e-22
1  3.61900327991e-22
1  3.29000309648e-22
1  2.99091197473e-22
1  2.71901093202e-22
1  2.47182812002e-22
1  2.247116358e-22
1  2.0428330642e-22
1  1.85712094451e-22
1  1.68829171036e-22
1  1.53481068021e-22
1  1.39528239065e-22
1  1.26843847959e-22
1  1.1531259479e-22
1  1.0482963048e-22
1  9.52996669415e-23
1  8.66360620034e-23
1  7.8760055793e-23
1  7.16000512946e-23
1  6.50909580173e-23
1  5.91735987712e-23
1  5.37941795537e-23
1  4.89038004548e-23
1  4.44580012741e-23
1  4.0416363934e-23
1  3.67421496046e-23
1  3.34019547598e-23
1  3.03654145654e-23
1  2.76049220453e-23
1  2.50953835341e-23
1  2.28139851745e-23
1  2.07399862354e-23
1  1.88545329413e-23
1  1.71404849223e-23
1  1.55822590203e-23
1  1.41656904487e-23
1  1.28779002645e-23
1  1.17071817718e-23
1  1.06428924481e-23
1  9.67535691443e-24
1  8.79577937169e-24
1  7.99616313689e-24
1  7.26923885678e-24
1  6.60839903242e-24
1  6.00763530474e-24
1  5.4614867841e-24
1  4.96498798554e-24
1  4.5136254414e-24
1  4.10329589168e-24
1  3.73026881315e-24
1  3.39115328721e-24
1  3.08286664267e-24
1  2.80260605672e-24
1  2.54782370585e-24
1  2.31620329724e-24
1  2.10563936113e-24
1  1.91421752931e-24
1  1.74019777185e-24
1  1.58199792959e-24
1  1.43817990909e-24
1  1.30743627203e-24
1  1.18857840223e-24
1  1.08052585606e-24
1  9.82296205891e-25
1  8.92996559775e-25
1  8.1181503193e-25
1  7.3801364298e-25
1  6.70921516029e-25
1  6.09928664382e-25
1  5.5448061743e-25
1  5.04073293055e-25
1  4.58248461678e-25
1  4.16589506134e-25
1  3.78717723885e-25
1  3.44288851101e-25
1  3.12989857914e-25
1  2.84536236708e-25
1  2.58669315063e-25
1  2.3515391382e-25
1  2.13776276327e-25
1  1.94342071629e-25
1  1.7667460721e-25
1  1.6061327592e-25
1  1.46012064536e-25
1  1.32738234885e-25
1  1.20671128225e-25
1  1.09701031262e-25
1  9.97282085574e-26
1  9.06620089e-26
1  8.24200086512e-26
1  7.49272783509e-26
1  6.81157047904e-26
1  6.19233685515e-26
1  5.62939708502e-26
1  5.11763374167e-26
1  4.65239439465e-26
1  4.22944939365e-26
1  3.84495396622e-26
1  3.4954127806e-26
1  3.17764789832e-26
1  2.88877073262e-26
1  2.62615523948e-26
1  2.38741388209e-26
1  2.17037621443e-26
1  1.97306931385e-26
1  1.79369944627e-26
1  1.63063588825e-26
1  1.48239629006e-26
1  1.34763296295e-26
1  1.22512086141e-26
1  1.11374625865e-26
1  1.01249657776e-26
1  9.20451455341e-27
1  8.36774036303e-27
1  7.6070365536e-27
1  6.91548749586e-27
1  6.28680695449e-27
1  5.71527915458e-27
1  5.19570832235e-27
1  4.72337130719e-27
1  4.29397405569e-27
1  3.90361270787e-27
1  3.54873893039e-27
1  3.22612621281e-27
1  2.93284194161e-27
1  2.66621985938e-27
1  2.42383618327e-27
1  2.20348745685e-27
1  2.00317032777e-27
1  1.82106402188e-27
1  1.6555128172e-27
1  1.50501169577e-27
1  1.36819247696e-27
1  1.24381129892e-27
1  1.13073754447e-27
1  1.02794324851e-27
1  9.34493853529e-28
1  8.49539831828e-28
1  7.72308933648e-28
1  7.02099013081e-28
1  6.38271816942e-28
1  5.80247110688e-28
1  5.27497382107e-28
1  4.79543074643e-28
1  4.35948254052e-28
1  3.96316588027e-28
1  3.60287807298e-28
1  3.27534359328e-28
1  2.97758519423e-28
1  2.70689574054e-28
1  2.46081437524e-28
1  2.23710388995e-28
1  2.03373074339e-28
1  1.84884616318e-28
1  1.68076929397e-28
1  1.52797203071e-28
1  1.38906553718e-28
1  1.26278688481e-28
1  1.14798809899e-28
1  1.04362556642e-28
1  9.48750525868e-29
1  8.62500461648e-29
1  7.84091339714e-29
1  7.12810325245e-29
1  6.48009403e-29
1  5.89099479159e-29
1  5.35544964639e-29
1  4.86859050556e-29
1  4.42599134133e-29
1  4.02362846476e-29
1  3.65784411359e-29
1  3.32531274846e-29
1  3.02301156216e-29
1  2.74819219245e-29
1  2.49835649755e-29
1  2.27123323431e-29
1  2.0647574447e-29
1  1.87705224981e-29
1  1.70641109516e-29
1  1.55128285481e-29
1  1.41025708603e-29
1  1.28205184167e-29
1  1.16550170844e-29
1  1.05954697348e-29
1  9.63224521346e-30
1  8.75658655769e-30
1  7.96053350784e-30
1  7.23684878027e-30
1  6.57895336822e-30
1  5.98086673258e-30
1  5.43715150668e-30
1  4.94286497187e-30
1  4.4935135424e-30
1  4.08501214029e-30
1  3.71364733187e-30
1  3.37604309737e-30
1  3.06913017401e-30
1  2.7901184084e-30
1  2.53647136585e-30
1  2.30588300857e-30
1  2.09625719503e-30
1  1.90568830782e-30
1  1.7324439504e-30
1  1.57494905437e-30
1  1.43177186761e-30
1  1.30161078873e-30
1  1.18328251811e-30
1  1.07571133736e-30
1  9.77919423246e-31
1  8.89017631849e-31
1  8.08197881332e-31
1  7.34725346665e-31
1  6.67932111959e-31
1  6.07211010872e-31
1  5.52010031256e-31
1  5.01827284044e-31
1  4.56206630407e-31
1  4.14733308919e-31
1  3.77030291522e-31
1  3.42754804063e-31
1  3.11595270009e-31
1  2.83268418732e-31
1  2.57516746439e-31
1  2.34106141675e-31
1  2.12823769434e-31
1  1.93476155099e-31
1  1.75887409452e-31
1  1.59897641751e-31
1  1.45361490363e-31
1  1.32146806215e-31
1  1.20133465539e-31
1  1.09212241399e-31
1  9.92838515428e-32
1  9.02580473914e-32
1  8.20527676842e-32
1  7.45934273047e-32
1  6.78122061064e-32
1  6.16474611653e-32
1  5.6043144911e-32
1  5.09483114182e-32
1  4.63166462095e-32
1  4.21060430772e-32
1  3.82782220479e-32
1  3.47983826113e-32
1  3.16348922144e-32
1  2.87589923879e-32
1  2.61445371986e-32
1  2.37677610897e-32
1  2.16070555361e-32
1  1.96427780272e-32
1  1.78570713346e-32
1  1.62337018811e-32
1  1.47579113353e-32
1  1.34162828986e-32
1  1.21966208169e-32
1  1.10878372398e-32
1  1.00798523034e-32
1  9.16350229433e-33
1  8.33045663121e-33
1  7.57314219164e-33
1  6.88467498683e-33
1  6.25879550936e-33
1  5.68981399924e-33
1  5.17255828131e-33
1  4.70232564349e-33
1  4.27484132711e-33
1  3.88621922131e-33
1  3.53292659822e-33
1  3.21175141953e-33
1  2.91977405115e-33
1  2.6543400799e-33
1  2.41303643627e-33
1  2.19366953761e-33
1  1.99424508428e-33
1  1.81295005992e-33
1  1.64813638472e-33
1  1.49830576254e-33
1  1.36209618116e-33
1  1.23826923891e-33
1  1.1256993081e-33
1  1.02336297396e-33
1  9.30329942937e-34
1  8.45754501928e-34
1  7.68867712328e-34
1  6.98970660094e-34
1  6.3542788951e-34
1  5.77661709388e-34
1  5.2514700436e-34
1  4.774063676e-34
1  4.34005784553e-34
1  3.94550729927e-34
1  3.58682471316e-34
1  3.26074969749e-34
1  2.96431780245e-34
1  2.694834345e-34
1  2.44984938367e-34
1  2.22713590769e-34
1  2.02466894438e-34
1  1.84060811038e-34
1  1.67328004817e-34
1  1.52116373233e-34
1  1.3828761203e-34
1  1.25716009893e-34
1  1.14287277547e-34
1  1.03897526086e-34
1  9.44522969635e-35
1  8.58657239905e-35
1  7.80597469951e-35
1  7.09634058374e-35
1  6.45121860813e-35
1  5.86474392832e-35
1  5.33158549374e-35
1  4.84689611211e-35
1  4.40626911456e-35
1  4.0056993255e-35
1  3.64154489355e-35
1  3.31049543604e-35
1  3.00954133158e-35
1  2.73594674334e-35
1  2.48722436431e-35
1  2.26111303237e-35
1  2.05555735434e-35
1  1.86868847785e-35
1  1.69880773323e-35
1  1.5443707057e-35
1  1.40397331664e-35
1  1.27633933963e-35
1  1.16030849057e-35
1  1.05482588096e-35
1  9.5893261905e-36
1  8.71756913365e-36
1  7.92506252265e-36
1  7.20460229332e-36
1  6.54963870937e-36
1  5.95421717157e-36
1  5.41292476666e-36
1  4.92084076218e-36
1  4.47349176505e-36
1  4.06681082594e-36
1  3.69710084869e-36
1  3.36100086938e-36
1  3.05545520535e-36
1  2.77768655032e-36
1  2.5251696075e-36
1  2.29560866887e-36
1  2.08691698801e-36
1  1.89719722921e-36
1  1.72472478644e-36
1  1.56793164034e-36
1  1.4253923677e-36
1  1.29581122706e-36
1  1.17801023087e-36
1  1.07091838355e-36
1  9.73562175018e-37
1  8.85056522743e-37
1  8.04596879623e-37
1  7.31451700595e-37
1  6.64956075144e-37
1  6.04505539164e-37
1  5.49550469767e-37
1  4.99591332075e-37
1  4.54173926021e-37
1  4.12885395444e-37
1  3.75350349304e-37
1  3.41227588238e-37
1  3.10206898398e-37
1  2.82006271271e-37
1  2.5636934771e-37
1  2.33063041335e-37
1  2.11875498237e-37
1  1.92614079115e-37
1  1.75103711344e-37
1  1.59185196207e-37
1  1.44713818811e-37
1  1.31558014043e-37
1  1.19598189489e-37
1  1.08725626808e-37
1  9.88414840122e-38
1  8.98558930278e-38
1  8.16871749703e-38
1  7.42610666261e-38
1  6.75100590405e-38
1  6.13727809459e-38
1  5.57934382427e-38
1  5.07213095316e-38
1  4.61102808828e-38
1  4.19184366566e-38
1  3.81076699426e-38
1  3.46433350376e-38
1  3.14939419624e-38
1  2.86308565842e-38
1  2.60280511854e-38
1  2.36618634401e-38
1  2.15107848182e-38
1  1.95552587982e-38
1  1.77775085079e-38
1  1.61613713708e-38
1  1.46921561738e-38
1  1.335650574e-38
1  1.2142277818e-38
1  1.103843438e-38
1  1.00349407277e-38
1  9.12267300661e-39
1  8.29333973388e-39
1  7.53939912111e-39
1  6.85399881884e-39
1  6.23090865408e-39
1  5.66446177585e-39
1  5.14951121488e-39
1  4.68137383171e-39
1  4.2557938829e-39
1  3.86890378469e-39
1  3.51718487664e-39
1  3.19744079694e-39
1  2.90676385129e-39
1  2.64251259209e-39
1  2.40228379245e-39
1  2.18389422938e-39
1  1.98535826296e-39
1  1.80487102075e-39
1  1.64079158227e-39
1  1.49162896593e-39
1  1.35602671484e-39
1  1.23275168633e-39
1  1.12068284165e-39
1  1.0188028381e-39
1  9.261840161e-40
1  8.41985596573e-40
1  7.65441069257e-40
1  6.95855390116e-40
1  6.32595172242e-40
1  5.75085883267e-40
1  5.22804838861e-40
1  4.75276998847e-40
1  4.32069361998e-40
1  3.92790966043e-40
1  3.57083078575e-40
1  3.2462059835e-40
1  2.95109252691e-40
1  2.68281393592e-40
1  2.4389179382e-40
1  2.21720449518e-40
1  2.01564172407e-40
1  1.83240793687e-40
1  1.66582157544e-40
1  1.5143832504e-40
1  1.37670567628e-40
1  1.25155571043e-40
1  1.13778428811e-40
1  1.03435444846e-40
1  9.40327321501e-41
1  8.54848115177e-41
1  7.77132102345e-41
1  7.06478633774e-41
1  6.42257125154e-41
1  5.83865018146e-41
1  5.30783832317e-41
1  4.8253712619e-41
1  4.38676484257e-41
1  3.98795529962e-41
1  3.6254393869e-41
1  3.29585398809e-41
1  2.99625637642e-41
1  2.72384395495e-41
1  2.47623451631e-41
1  2.25118598294e-41
1  2.04659640715e-41
1  1.86050397108e-41
1  1.69136724644e-41
1  1.5376448049e-41
1  1.39779521816e-41
1  1.27069744745e-41
1  1.15523045399e-41
1  1.05027319901e-41
1  9.54844773591e-42
1  8.68104398649e-42
1  7.89211295108e-42
1  7.17464813734e-42
1  6.52304435143e-42
1  5.93029510102e-42
1  5.39079519226e-42
1  4.90034072974e-42
1  4.45472781809e-42
1  4.0497525619e-42
1  3.68121106578e-42
1  3.34630073281e-42
1  3.04221896605e-42
1  2.76616316858e-42
1  2.51533074346e-42
1  2.28691909378e-42
1  2.07952692106e-42
1  1.89035162837e-42
1  1.71799191726e-42
1  1.56244778772e-42
1  1.42091664283e-42
1  1.29199718411e-42
1  1.1742881131e-42
1  1.06778942982e-42
1  9.71099835777e-43
1  8.82818032525e-43
1  8.02944020058e-43
1  7.30076499913e-43
1  6.6421547209e-43
1  6.03959638124e-43
1  5.49308998015e-43
1  4.988622533e-43
1  4.54020702441e-43
1  4.13383046976e-43
1  3.75547988439e-43
1  3.41916825295e-43
1  3.1108825908e-43
1  2.83062289794e-43
1  2.57838917436e-43
1  2.34016843542e-43
1  2.12997366577e-43
1  1.93379188077e-43
1  1.75162308041e-43
1  1.59748024933e-43
1  1.4573504029e-43
1  1.33123354111e-43
1  1.20511667932e-43
1  1.09301280217e-43
1  9.94921909671e-44
1  9.10844001811e-44
1  8.26766093952e-44
1  7.56701170735e-44
1  6.86636247519e-44
1  6.30584308946e-44
1  5.74532370373e-44
1  5.184804318e-44
1  4.7644147787e-44
1  4.34402523941e-44
1  3.92363570011e-44
1  3.50324616081e-44
1  3.22298646795e-44
1  2.94272677508e-44
1  2.66246708222e-44
1  2.38220738935e-44
1  2.10194769649e-44
1  1.96181785005e-44
1  1.82168800362e-44
1  1.68155815719e-44
1  1.54142831076e-44
1  1.40129846432e-44
1  1.26116861789e-44
1  1.12103877146e-44
1  9.80908925027e-45
1  8.40779078595e-45
1  7.00649232162e-45
1  7.00649232162e-45
1  7.00649232162e-45
1  7.00649232162e-45
1  7.00649232162e-45
1  7.00649232162e-45
1  7.00649232162e-45
1  7.00649232162e-45
1  7.00649232162e-45
1  7.00649232162e-45
1  7.00649232162e-45
1  7.00649232162e-45
1  7.00649232162e-45
1  7.00649232162e-45
1  7.00649232162e-45
1  7.00649232162e-45
1  7.00649232162e-45
1  7.00649232162e-45
1  7.00649232162e-45
1  7.00649232162e-45
1  7.00649232162e-45
1  7.00649232162e-45
1  7.00649232162e-45
1  7.00649232162e-45
1  7.00649232162e-45
1  7.00649232162e-45
1  7.00649232162e-45
1  7.00649232162e-45
1  7.00649232162e-45
1  7.00649232162e-45
1  7.00649232162e-45
1  7.00649232162e-45
1  7.00649232162e-45
1  7.00649232162e-45
1  7.00649232162e-45
1  7.00649232162e-45
