

*******************************************************************************
Wed Feb 24 10:43:15 2021


FIT:    data read from 'Errorout.dat' using 1:2
        format = x:z
        x range restricted to [1.00000 : 3.00000]
        #datapoints = 6
        residuals are weighted equally (unit weight)

function used for fitting: f(x)
	f(x) = m*x +b
fitted parameters initialized with current variable values

iter      chisq       delta/lim  lambda   m             b            
   0 2.5592161340e+02   0.00e+00  1.60e+00    1.000000e+00   1.000000e+00
   5 1.1820000000e-05  -3.78e-08  1.60e-05   -2.003455e+00   5.310300e-01

After 5 iterations the fit converged.
final sum of squares of residuals : 1.182e-05
rel. change during last iteration : -3.78227e-13

degrees of freedom    (FIT_NDF)                        : 4
rms of residuals      (FIT_STDFIT) = sqrt(WSSR/ndf)    : 0.00171901
variance of residuals (reduced chisquare) = WSSR/ndf   : 2.955e-06

Final set of parameters            Asymptotic Standard Error
=======================            ==========================
m               = -2.00345         +/- 0.001365     (0.06814%)
b               = 0.53103          +/- 0.002762     (0.5201%)

correlation matrix of the fit parameters:
                m      b      
m               1.000 
b              -0.967  1.000 


*******************************************************************************
Wed Feb 24 10:47:20 2021


FIT:    data read from 'Errorout.dat' using 1:2
        format = x:z
        x range restricted to [1.00000 : 3.00000]
        #datapoints = 6
        residuals are weighted equally (unit weight)

function used for fitting: f(x)
	f(x) = m*x +b
fitted parameters initialized with current variable values

iter      chisq       delta/lim  lambda   m             b            
   0 1.1820000000e-05   0.00e+00  2.89e+00   -2.003455e+00   5.310300e-01
   1 1.1820000000e-05   0.00e+00  2.89e-01   -2.003455e+00   5.310300e-01

After 1 iterations the fit converged.
final sum of squares of residuals : 1.182e-05
rel. change during last iteration : 0

degrees of freedom    (FIT_NDF)                        : 4
rms of residuals      (FIT_STDFIT) = sqrt(WSSR/ndf)    : 0.00171901
variance of residuals (reduced chisquare) = WSSR/ndf   : 2.955e-06

Final set of parameters            Asymptotic Standard Error
=======================            ==========================
m               = -2.00345         +/- 0.001365     (0.06814%)
b               = 0.53103          +/- 0.002762     (0.5201%)

correlation matrix of the fit parameters:
                m      b      
m               1.000 
b              -0.967  1.000 


*******************************************************************************
Wed Feb 24 10:52:30 2021


FIT:    data read from "errorout.dat" using 1:2
        format = x:z
        x range restricted to [1.00000 : 3.00000]
        #datapoints = 6
        residuals are weighted equally (unit weight)

function used for fitting: f(x)
	f(x)= m*x + b
fitted parameters initialized with current variable values

iter      chisq       delta/lim  lambda   m             b            
   0 2.5592161340e+02   0.00e+00  1.60e+00    1.000000e+00   1.000000e+00
   5 1.1820000000e-05  -3.78e-08  1.60e-05   -2.003455e+00   5.310300e-01

After 5 iterations the fit converged.
final sum of squares of residuals : 1.182e-05
rel. change during last iteration : -3.78227e-13

degrees of freedom    (FIT_NDF)                        : 4
rms of residuals      (FIT_STDFIT) = sqrt(WSSR/ndf)    : 0.00171901
variance of residuals (reduced chisquare) = WSSR/ndf   : 2.955e-06

Final set of parameters            Asymptotic Standard Error
=======================            ==========================
m               = -2.00345         +/- 0.001365     (0.06814%)
b               = 0.53103          +/- 0.002762     (0.5201%)

correlation matrix of the fit parameters:
                m      b      
m               1.000 
b              -0.967  1.000 
